<?xml version="1.0" encoding="UTF-8"?>
<!-- Generated by org.testng.reporters.JUnitReportReporter -->
<testsuite hostname="RockyShabri" failures="0" tests="1" name="basics.demo" time="0.022" errors="0" timestamp="2025-09-21T11:39:22 IST" skipped="0">
  <testcase classname="basics.demo" name="test" time="0.022">
    <system-out>
      <![CDATA[Hello]]>
    </system-out>
  </testcase> <!-- test -->
  <system-out>
    <![CDATA[Hello]]>
  </system-out>
</testsuite> <!-- basics.demo -->
