<?xml version="1.0" encoding="UTF-8"?>
<!-- Generated by org.testng.reporters.JUnitReportReporter -->
<testsuite hostname="RockyShabri" failures="0" tests="1" name="basics.LaunchBrowser" time="5.894" errors="0" timestamp="2025-09-21T14:55:25 IST" skipped="0">
  <testcase classname="basics.LaunchBrowser" name="launchBrowser" time="5.894">
    <system-out>
      <![CDATA[Facebook]]>
    </system-out>
  </testcase> <!-- launchBrowser -->
  <system-out>
    <![CDATA[Facebook
Hello]]>
  </system-out>
</testsuite> <!-- basics.LaunchBrowser -->
